2025-09-08T11:59:10.993Z [right meow!] [31merror[39m: tract
2025-09-08T11:59:11.000Z [right meow!] [32minfo[39m: log ma'lumotlari
2025-09-08T11:59:11.001Z [right meow!] [33mwarn[39m: log ma'lumotlari
2025-09-08T12:01:27.979Z [right meow!] error: tract
2025-09-08T12:01:27.981Z [right meow!] info: log ma'lumotlari
2025-09-08T12:01:27.982Z [right meow!] warn: log ma'lumotlari
2025-09-08T12:01:35.293Z [right meow!] error: tract
2025-09-08T12:01:35.296Z [right meow!] info: log ma'lumotlari
2025-09-08T12:01:35.296Z [right meow!] warn: log ma'lumotlari
2025-09-08T12:03:27.757Z [right meow!] error: tract
2025-09-08T12:03:27.760Z [right meow!] info: log ma'lumotlari
2025-09-08T12:03:27.760Z [right meow!] warn: log ma'lumotlari
2025-09-08T12:03:47.818Z [right meow!] error: tract
2025-09-08T12:03:47.823Z [right meow!] info: log ma'lumotlari
2025-09-08T12:03:47.825Z [right meow!] warn: log ma'lumotlari
2025-09-08T12:04:21.701Z [right meow!] error: tract
2025-09-08T12:04:21.707Z [right meow!] info: log ma'lumotlari
2025-09-08T12:04:21.708Z [right meow!] warn: log ma'lumotlari
{"label":"right meow!","level":"error","message":"tract","timestamp":"2025-09-08T12:05:33.414Z"}
{"label":"right meow!","level":"info","message":"log ma'lumotlari","timestamp":"2025-09-08T12:05:33.421Z"}
{"label":"right meow!","level":"warn","message":"log ma'lumotlari","timestamp":"2025-09-08T12:05:33.422Z"}
{"label":"right meow!","level":"error","message":"tract","timestamp":"2025-09-08T12:06:02.866Z"}
{"label":"right meow!","level":"info","message":"log ma'lumotlari","timestamp":"2025-09-08T12:06:02.870Z"}
{"label":"right meow!","level":"warn","message":"log ma'lumotlari","timestamp":"2025-09-08T12:06:02.871Z"}
{"label":"right meow!","level":"error","message":"tract","timestamp":"2025-09-08T12:06:28.068Z"}
{"label":"right meow!","level":"info","message":"log ma'lumotlari","timestamp":"2025-09-08T12:06:28.075Z"}
{"label":"right meow!","level":"warn","message":"log ma'lumotlari","timestamp":"2025-09-08T12:06:28.078Z"}
{"label":"right meow!","level":"error","message":"tract","timestamp":"2025-09-08T12:09:45.137Z"}
{"label":"right meow!","level":"info","message":"log ma'lumotlari","timestamp":"2025-09-08T12:09:45.140Z"}
{"label":"right meow!","level":"warn","message":"log ma'lumotlari","timestamp":"2025-09-08T12:09:45.141Z"}
{"label":"right meow!","level":"error","message":"tract","timestamp":"2025-09-08T12:10:30.003Z"}
{"label":"right meow!","level":"info","message":"log ma'lumotlari","timestamp":"2025-09-08T12:10:30.007Z"}
{"label":"right meow!","level":"warn","message":"log ma'lumotlari","timestamp":"2025-09-08T12:10:30.008Z"}
{"label":"right meow!","level":"error","message":"tract","timestamp":"2025-09-08T12:10:33.313Z"}
{"label":"right meow!","level":"info","message":"log ma'lumotlari","timestamp":"2025-09-08T12:10:33.317Z"}
{"label":"right meow!","level":"warn","message":"log ma'lumotlari","timestamp":"2025-09-08T12:10:33.318Z"}
{"label":"right meow!","level":"error","message":"tract","timestamp":"2025-09-08T12:10:36.281Z"}
{"label":"right meow!","level":"info","message":"log ma'lumotlari","timestamp":"2025-09-08T12:10:36.285Z"}
{"label":"right meow!","level":"warn","message":"log ma'lumotlari","timestamp":"2025-09-08T12:10:36.285Z"}
{"label":"right meow!","level":"error","message":"tract","timestamp":"2025-09-08T12:10:39.021Z"}
{"label":"right meow!","level":"info","message":"log ma'lumotlari","timestamp":"2025-09-08T12:10:39.024Z"}
{"label":"right meow!","level":"warn","message":"log ma'lumotlari","timestamp":"2025-09-08T12:10:39.025Z"}
{"label":"right meow!","level":"error","message":"tract","timestamp":"2025-09-08T12:10:41.514Z"}
{"label":"right meow!","level":"info","message":"log ma'lumotlari","timestamp":"2025-09-08T12:10:41.518Z"}
{"label":"right meow!","level":"warn","message":"log ma'lumotlari","timestamp":"2025-09-08T12:10:41.519Z"}
{"label":"right meow!","level":"error","message":"tract","timestamp":"2025-09-08T12:11:29.757Z"}
{"label":"right meow!","level":"info","message":"log ma'lumotlari","timestamp":"2025-09-08T12:11:29.763Z"}
{"label":"right meow!","level":"warn","message":"log ma'lumotlari","timestamp":"2025-09-08T12:11:29.764Z"}
{"label":"right meow!","level":"error","message":"tract","timestamp":"2025-09-08T12:12:25.839Z"}
{"label":"right meow!","level":"info","message":"log ma'lumotlari","timestamp":"2025-09-08T12:12:25.844Z"}
{"label":"right meow!","level":"warn","message":"log ma'lumotlari","timestamp":"2025-09-08T12:12:25.845Z"}
{"label":"right meow!","level":"error","message":"tract","timestamp":"2025-09-08T12:14:54.851Z"}
{"label":"right meow!","level":"info","message":"log ma'lumotlari","timestamp":"2025-09-08T12:14:54.856Z"}
{"label":"right meow!","level":"warn","message":"log ma'lumotlari","timestamp":"2025-09-08T12:14:54.857Z"}
{"label":"right meow!","level":"error","message":"tract","timestamp":"2025-09-08T12:16:03.568Z"}
{"label":"right meow!","level":"info","message":"log ma'lumotlari","timestamp":"2025-09-08T12:16:03.571Z"}
{"label":"right meow!","level":"warn","message":"log ma'lumotlari","timestamp":"2025-09-08T12:16:03.573Z"}
{"label":"right meow!","level":"error","message":"tract","timestamp":"2025-09-08T12:34:11.434Z"}
{"label":"right meow!","level":"info","message":"log ma'lumotlari","timestamp":"2025-09-08T12:34:11.437Z"}
{"label":"right meow!","level":"warn","message":"log ma'lumotlari","timestamp":"2025-09-08T12:34:11.438Z"}
{"label":"right meow!","level":"error","message":"tract","timestamp":"2025-09-08T12:34:34.899Z"}
{"label":"right meow!","level":"info","message":"log ma'lumotlari","timestamp":"2025-09-08T12:34:34.903Z"}
{"label":"right meow!","level":"warn","message":"log ma'lumotlari","timestamp":"2025-09-08T12:34:34.904Z"}
{"label":"right meow!","level":"error","message":"tract","timestamp":"2025-09-08T12:35:41.604Z"}
{"label":"right meow!","level":"info","message":"log ma'lumotlari","timestamp":"2025-09-08T12:35:41.608Z"}
{"label":"right meow!","level":"warn","message":"log ma'lumotlari","timestamp":"2025-09-08T12:35:41.608Z"}
{"label":"right meow!","level":"error","message":"tract","timestamp":"2025-09-08T12:35:43.276Z"}
{"label":"right meow!","level":"info","message":"log ma'lumotlari","timestamp":"2025-09-08T12:35:43.282Z"}
{"label":"right meow!","level":"warn","message":"log ma'lumotlari","timestamp":"2025-09-08T12:35:43.283Z"}
{"label":"right meow!","level":"error","message":"tract","timestamp":"2025-09-08T12:43:50.325Z"}
{"label":"right meow!","level":"info","message":"log ma'lumotlari","timestamp":"2025-09-08T12:43:50.329Z"}
{"label":"right meow!","level":"warn","message":"log ma'lumotlari","timestamp":"2025-09-08T12:43:50.331Z"}
{"label":"right meow!","level":"error","message":"tract","timestamp":"2025-09-08T12:43:52.169Z"}
{"label":"right meow!","level":"info","message":"log ma'lumotlari","timestamp":"2025-09-08T12:43:52.172Z"}
{"label":"right meow!","level":"warn","message":"log ma'lumotlari","timestamp":"2025-09-08T12:43:52.173Z"}
{"label":"right meow!","level":"error","message":"tract","timestamp":"2025-09-08T12:48:00.564Z"}
{"label":"right meow!","level":"info","message":"log ma'lumotlari","timestamp":"2025-09-08T12:48:00.568Z"}
{"label":"right meow!","level":"warn","message":"log ma'lumotlari","timestamp":"2025-09-08T12:48:00.569Z"}
{"label":"right meow!","level":"error","message":"tract","timestamp":"2025-09-08T12:50:21.842Z"}
{"label":"right meow!","level":"info","message":"log ma'lumotlari","timestamp":"2025-09-08T12:50:21.845Z"}
{"label":"right meow!","level":"warn","message":"log ma'lumotlari","timestamp":"2025-09-08T12:50:21.846Z"}
{"label":"right meow!","level":"error","message":"tract","timestamp":"2025-09-08T12:50:51.855Z"}
{"label":"right meow!","level":"info","message":"log ma'lumotlari","timestamp":"2025-09-08T12:50:51.859Z"}
{"label":"right meow!","level":"warn","message":"log ma'lumotlari","timestamp":"2025-09-08T12:50:51.860Z"}
{"label":"right meow!","level":"error","message":"tract","timestamp":"2025-09-08T12:50:56.949Z"}
{"label":"right meow!","level":"info","message":"log ma'lumotlari","timestamp":"2025-09-08T12:50:56.953Z"}
{"label":"right meow!","level":"warn","message":"log ma'lumotlari","timestamp":"2025-09-08T12:50:56.953Z"}
{"label":"right meow!","level":"error","message":"tract","timestamp":"2025-09-08T12:51:10.478Z"}
{"label":"right meow!","level":"info","message":"log ma'lumotlari","timestamp":"2025-09-08T12:51:10.482Z"}
{"label":"right meow!","level":"warn","message":"log ma'lumotlari","timestamp":"2025-09-08T12:51:10.482Z"}
{"label":"right meow!","level":"error","message":"tract","timestamp":"2025-09-08T12:53:37.442Z"}
{"label":"right meow!","level":"info","message":"log ma'lumotlari","timestamp":"2025-09-08T12:53:37.446Z"}
{"label":"right meow!","level":"warn","message":"log ma'lumotlari","timestamp":"2025-09-08T12:53:37.447Z"}
{"label":"right meow!","level":"error","message":"tract","timestamp":"2025-09-08T13:06:20.447Z"}
{"label":"right meow!","level":"info","message":"log ma'lumotlari","timestamp":"2025-09-08T13:06:20.451Z"}
{"label":"right meow!","level":"warn","message":"log ma'lumotlari","timestamp":"2025-09-08T13:06:20.452Z"}
{"label":"right meow!","level":"error","message":"tract","timestamp":"2025-09-08T13:06:22.192Z"}
{"label":"right meow!","level":"info","message":"log ma'lumotlari","timestamp":"2025-09-08T13:06:22.196Z"}
{"label":"right meow!","level":"warn","message":"log ma'lumotlari","timestamp":"2025-09-08T13:06:22.197Z"}
{"label":"right meow!","level":"error","message":"tract","timestamp":"2025-09-08T13:07:58.305Z"}
{"label":"right meow!","level":"info","message":"log ma'lumotlari","timestamp":"2025-09-08T13:07:58.312Z"}
{"label":"right meow!","level":"warn","message":"log ma'lumotlari","timestamp":"2025-09-08T13:07:58.314Z"}
{"label":"right meow!","level":"error","message":"tract","timestamp":"2025-09-08T13:08:12.190Z"}
{"label":"right meow!","level":"info","message":"log ma'lumotlari","timestamp":"2025-09-08T13:08:12.198Z"}
{"label":"right meow!","level":"warn","message":"log ma'lumotlari","timestamp":"2025-09-08T13:08:12.199Z"}
{"label":"right meow!","level":"error","message":"tract","timestamp":"2025-09-08T13:08:16.663Z"}
{"label":"right meow!","level":"info","message":"log ma'lumotlari","timestamp":"2025-09-08T13:08:16.672Z"}
{"label":"right meow!","level":"warn","message":"log ma'lumotlari","timestamp":"2025-09-08T13:08:16.684Z"}
{"label":"right meow!","level":"error","message":"tract","timestamp":"2025-09-08T13:08:40.837Z"}
{"label":"right meow!","level":"info","message":"log ma'lumotlari","timestamp":"2025-09-08T13:08:40.843Z"}
{"label":"right meow!","level":"warn","message":"log ma'lumotlari","timestamp":"2025-09-08T13:08:40.845Z"}
{"label":"right meow!","level":"error","message":"tract","timestamp":"2025-09-08T13:09:07.819Z"}
{"label":"right meow!","level":"info","message":"log ma'lumotlari","timestamp":"2025-09-08T13:09:07.827Z"}
{"label":"right meow!","level":"warn","message":"log ma'lumotlari","timestamp":"2025-09-08T13:09:07.828Z"}
{"label":"right meow!","level":"error","message":"tract","timestamp":"2025-09-08T13:09:19.330Z"}
{"label":"right meow!","level":"info","message":"log ma'lumotlari","timestamp":"2025-09-08T13:09:19.342Z"}
{"label":"right meow!","level":"warn","message":"log ma'lumotlari","timestamp":"2025-09-08T13:09:19.345Z"}
{"label":"right meow!","level":"error","message":"tract","timestamp":"2025-09-08T13:11:42.111Z"}
{"label":"right meow!","level":"info","message":"log ma'lumotlari","timestamp":"2025-09-08T13:11:42.119Z"}
{"label":"right meow!","level":"warn","message":"log ma'lumotlari","timestamp":"2025-09-08T13:11:42.121Z"}
{"label":"right meow!","level":"error","message":"tract","timestamp":"2025-09-08T14:46:47.254Z"}
{"label":"right meow!","level":"info","message":"log ma'lumotlari","timestamp":"2025-09-08T14:46:47.269Z"}
{"label":"right meow!","level":"warn","message":"log ma'lumotlari","timestamp":"2025-09-08T14:46:47.279Z"}
{"label":"right meow!","level":"error","message":"tract","timestamp":"2025-09-08T14:46:52.377Z"}
{"label":"right meow!","level":"info","message":"log ma'lumotlari","timestamp":"2025-09-08T14:46:52.388Z"}
{"label":"right meow!","level":"warn","message":"log ma'lumotlari","timestamp":"2025-09-08T14:46:52.393Z"}
{"label":"right meow!","level":"error","message":"tract","timestamp":"2025-09-08T14:47:33.941Z"}
{"label":"right meow!","level":"info","message":"log ma'lumotlari","timestamp":"2025-09-08T14:47:33.983Z"}
{"label":"right meow!","level":"warn","message":"log ma'lumotlari","timestamp":"2025-09-08T14:47:33.985Z"}
{"label":"right meow!","level":"error","message":"tract","timestamp":"2025-09-08T14:47:46.197Z"}
{"label":"right meow!","level":"info","message":"log ma'lumotlari","timestamp":"2025-09-08T14:47:46.207Z"}
{"label":"right meow!","level":"warn","message":"log ma'lumotlari","timestamp":"2025-09-08T14:47:46.216Z"}
{"label":"right meow!","level":"error","message":"tract","timestamp":"2025-09-08T14:49:13.167Z"}
{"label":"right meow!","level":"info","message":"log ma'lumotlari","timestamp":"2025-09-08T14:49:13.171Z"}
{"label":"right meow!","level":"warn","message":"log ma'lumotlari","timestamp":"2025-09-08T14:49:13.172Z"}
{"label":"right meow!","level":"error","message":"tract","timestamp":"2025-09-08T14:49:41.401Z"}
{"label":"right meow!","level":"info","message":"log ma'lumotlari","timestamp":"2025-09-08T14:49:41.405Z"}
{"label":"right meow!","level":"warn","message":"log ma'lumotlari","timestamp":"2025-09-08T14:49:41.406Z"}
{"label":"right meow!","level":"error","message":"tract","timestamp":"2025-09-08T14:52:37.126Z"}
{"label":"right meow!","level":"info","message":"log ma'lumotlari","timestamp":"2025-09-08T14:52:37.134Z"}
{"label":"right meow!","level":"warn","message":"log ma'lumotlari","timestamp":"2025-09-08T14:52:37.135Z"}
{"label":"right meow!","level":"error","message":"tract","timestamp":"2025-09-08T14:52:58.054Z"}
{"label":"right meow!","level":"info","message":"log ma'lumotlari","timestamp":"2025-09-08T14:52:58.064Z"}
{"label":"right meow!","level":"warn","message":"log ma'lumotlari","timestamp":"2025-09-08T14:52:58.065Z"}
